2023-10-12T09:06:12.117+09:00  INFO 1488 --- [restartedMain] kr.co.sboard.SboardApplication           : Starting SboardApplication using Java 17.0.8 with PID 1488 (C:\Users\JAVA\Desktop\WorkSpace\Spring\Sboard\out\production\classes started by JAVA in C:\Users\JAVA\Desktop\WorkSpace\Spring\Sboard)
2023-10-12T09:06:12.121+09:00  INFO 1488 --- [restartedMain] kr.co.sboard.SboardApplication           : No active profile set, falling back to 1 default profile: "default"
2023-10-12T09:06:12.150+09:00  INFO 1488 --- [restartedMain] .e.DevToolsPropertyDefaultsPostProcessor : Devtools property defaults active! Set 'spring.devtools.add-properties' to 'false' to disable
2023-10-12T09:06:12.150+09:00  INFO 1488 --- [restartedMain] .e.DevToolsPropertyDefaultsPostProcessor : For additional web related logging consider setting the 'logging.level.web' property to 'DEBUG'
2023-10-12T09:06:12.532+09:00  INFO 1488 --- [restartedMain] .s.d.r.c.RepositoryConfigurationDelegate : Bootstrapping Spring Data JPA repositories in DEFAULT mode.
2023-10-12T09:06:12.563+09:00  INFO 1488 --- [restartedMain] .s.d.r.c.RepositoryConfigurationDelegate : Finished Spring Data repository scanning in 26 ms. Found 2 JPA repository interfaces.
2023-10-12T09:06:12.636+09:00  WARN 1488 --- [restartedMain] o.m.s.mapper.ClassPathMapperScanner      : No MyBatis mapper was found in '[kr.co.sboard]' package. Please check your configuration.
2023-10-12T09:06:12.901+09:00  INFO 1488 --- [restartedMain] o.s.b.w.embedded.tomcat.TomcatWebServer  : Tomcat initialized with port(s): 8080 (http)
2023-10-12T09:06:12.906+09:00  INFO 1488 --- [restartedMain] o.apache.catalina.core.StandardService   : Starting service [Tomcat]
2023-10-12T09:06:12.907+09:00  INFO 1488 --- [restartedMain] o.apache.catalina.core.StandardEngine    : Starting Servlet engine: [Apache Tomcat/10.1.13]
2023-10-12T09:06:12.939+09:00  INFO 1488 --- [restartedMain] o.a.c.c.C.[Tomcat].[localhost].[/]       : Initializing Spring embedded WebApplicationContext
2023-10-12T09:06:12.939+09:00  INFO 1488 --- [restartedMain] w.s.c.ServletWebServerApplicationContext : Root WebApplicationContext: initialization completed in 789 ms
2023-10-12T09:06:12.975+09:00  WARN 1488 --- [restartedMain] o.a.c.c.C.[Tomcat].[localhost].[/]       : Cannot deserialize session attribute [SPRING_SECURITY_CONTEXT] for session [D77A7A1B102280AD8BCA6A254A4BE54F]
2023-10-12T09:06:13.040+09:00  INFO 1488 --- [restartedMain] o.hibernate.jpa.internal.util.LogHelper  : HHH000204: Processing PersistenceUnitInfo [name: default]
2023-10-12T09:06:13.075+09:00  INFO 1488 --- [restartedMain] org.hibernate.Version                    : HHH000412: Hibernate ORM core version 6.2.9.Final
2023-10-12T09:06:13.077+09:00  INFO 1488 --- [restartedMain] org.hibernate.cfg.Environment            : HHH000406: Using bytecode reflection optimizer
2023-10-12T09:06:13.179+09:00  INFO 1488 --- [restartedMain] o.h.b.i.BytecodeProviderInitiator        : HHH000021: Bytecode provider name : bytebuddy
2023-10-12T09:06:13.267+09:00  INFO 1488 --- [restartedMain] o.s.o.j.p.SpringPersistenceUnitInfo      : No LoadTimeWeaver setup: ignoring JPA class transformer
2023-10-12T09:06:13.281+09:00  INFO 1488 --- [restartedMain] com.zaxxer.hikari.HikariDataSource       : HikariPool-1 - Starting...
2023-10-12T09:06:13.732+09:00  INFO 1488 --- [restartedMain] com.zaxxer.hikari.pool.HikariPool        : HikariPool-1 - Added connection com.mysql.cj.jdbc.ConnectionImpl@a82c750
2023-10-12T09:06:13.736+09:00  INFO 1488 --- [restartedMain] com.zaxxer.hikari.HikariDataSource       : HikariPool-1 - Start completed.
2023-10-12T09:06:13.817+09:00  WARN 1488 --- [restartedMain] org.hibernate.orm.deprecation            : HHH90000026: MySQL57Dialect has been deprecated; use org.hibernate.dialect.MySQLDialect instead
2023-10-12T09:06:13.925+09:00  INFO 1488 --- [restartedMain] o.h.b.i.BytecodeProviderInitiator        : HHH000021: Bytecode provider name : bytebuddy
2023-10-12T09:06:14.315+09:00  INFO 1488 --- [restartedMain] o.h.e.t.j.p.i.JtaPlatformInitiator       : HHH000490: Using JtaPlatform implementation: [org.hibernate.engine.transaction.jta.platform.internal.NoJtaPlatform]
2023-10-12T09:06:14.469+09:00  INFO 1488 --- [restartedMain] j.LocalContainerEntityManagerFactoryBean : Initialized JPA EntityManagerFactory for persistence unit 'default'
2023-10-12T09:06:14.627+09:00  WARN 1488 --- [restartedMain] ocalVariableTableParameterNameDiscoverer : Using deprecated '-debug' fallback for parameter name resolution. Compile the affected code with '-parameters' instead or avoid its introspection: kr.co.sboard.repository.UserRepository
2023-10-12T09:06:14.679+09:00  WARN 1488 --- [restartedMain] JpaBaseConfiguration$JpaWebConfiguration : spring.jpa.open-in-view is enabled by default. Therefore, database queries may be performed during view rendering. Explicitly configure spring.jpa.open-in-view to disable this warning
2023-10-12T09:06:14.761+09:00  INFO 1488 --- [restartedMain] o.s.b.a.w.s.WelcomePageHandlerMapping    : Adding welcome page template: index
2023-10-12T09:06:14.835+09:00  INFO 1488 --- [restartedMain] o.s.s.web.DefaultSecurityFilterChain     : Will secure any request with [org.springframework.security.web.session.DisableEncodeUrlFilter@3adfc0b0, org.springframework.security.web.context.request.async.WebAsyncManagerIntegrationFilter@1b1fd130, org.springframework.security.web.context.SecurityContextHolderFilter@22eddf85, org.springframework.security.web.header.HeaderWriterFilter@eb2d2d, org.springframework.security.web.authentication.logout.LogoutFilter@39628fad, org.springframework.security.web.authentication.UsernamePasswordAuthenticationFilter@5074353d, org.springframework.security.web.savedrequest.RequestCacheAwareFilter@610ee250, org.springframework.security.web.servletapi.SecurityContextHolderAwareRequestFilter@318b725f, org.springframework.security.web.authentication.AnonymousAuthenticationFilter@42ae85fc, org.springframework.security.web.access.ExceptionTranslationFilter@22d73a84, org.springframework.security.web.access.intercept.AuthorizationFilter@41dc17ac]
2023-10-12T09:06:14.979+09:00  INFO 1488 --- [restartedMain] o.s.b.d.a.OptionalLiveReloadServer       : LiveReload server is running on port 35729
2023-10-12T09:06:15.000+09:00  INFO 1488 --- [restartedMain] o.s.b.w.embedded.tomcat.TomcatWebServer  : Tomcat started on port(s): 8080 (http) with context path ''
2023-10-12T09:06:15.004+09:00  INFO 1488 --- [restartedMain] kr.co.sboard.SboardApplication           : Started SboardApplication in 3.139 seconds (process running for 3.611)
2023-10-12T09:06:41.811+09:00  INFO 1488 --- [http-nio-8080-exec-1] o.a.c.c.C.[Tomcat].[localhost].[/]       : Initializing Spring DispatcherServlet 'dispatcherServlet'
2023-10-12T09:06:41.812+09:00  INFO 1488 --- [http-nio-8080-exec-1] o.s.web.servlet.DispatcherServlet        : Initializing Servlet 'dispatcherServlet'
2023-10-12T09:06:41.812+09:00  INFO 1488 --- [http-nio-8080-exec-1] o.s.web.servlet.DispatcherServlet        : Completed initialization in 0 ms
2023-10-12T09:06:41.817+09:00 DEBUG 1488 --- [http-nio-8080-exec-1] o.s.security.web.FilterChainProxy        : Securing GET /
2023-10-12T09:06:41.826+09:00 DEBUG 1488 --- [http-nio-8080-exec-1] o.s.s.w.a.AnonymousAuthenticationFilter  : Set SecurityContextHolder to anonymous SecurityContext
2023-10-12T09:06:41.838+09:00 DEBUG 1488 --- [http-nio-8080-exec-1] o.s.s.w.s.HttpSessionRequestCache        : Saved request http://localhost:8080/?continue to session
2023-10-12T09:06:41.838+09:00 DEBUG 1488 --- [http-nio-8080-exec-1] o.s.s.web.DefaultRedirectStrategy        : Redirecting to http://localhost:8080/user/login
2023-10-12T09:06:41.841+09:00 DEBUG 1488 --- [http-nio-8080-exec-2] o.s.security.web.FilterChainProxy        : Securing GET /user/login
2023-10-12T09:06:41.842+09:00 DEBUG 1488 --- [http-nio-8080-exec-2] o.s.security.web.FilterChainProxy        : Secured GET /user/login
2023-10-12T09:06:41.972+09:00 DEBUG 1488 --- [http-nio-8080-exec-2] o.s.s.w.a.AnonymousAuthenticationFilter  : Set SecurityContextHolder to anonymous SecurityContext
2023-10-12T09:06:41.982+09:00 DEBUG 1488 --- [http-nio-8080-exec-3] o.s.security.web.FilterChainProxy        : Securing GET /vendor/bootstrap/css/bootstrap.min.css
2023-10-12T09:06:41.984+09:00 DEBUG 1488 --- [http-nio-8080-exec-4] o.s.security.web.FilterChainProxy        : Securing GET /vendor/metisMenu/metisMenu.min.css
2023-10-12T09:06:41.987+09:00 DEBUG 1488 --- [http-nio-8080-exec-5] o.s.security.web.FilterChainProxy        : Securing GET /dist/css/sb-admin-2.css
2023-10-12T09:06:41.989+09:00 DEBUG 1488 --- [http-nio-8080-exec-6] o.s.security.web.FilterChainProxy        : Securing GET /vendor/font-awesome/css/font-awesome.min.css
2023-10-12T09:06:41.989+09:00 DEBUG 1488 --- [http-nio-8080-exec-9] o.s.security.web.FilterChainProxy        : Securing GET /vendor/jquery/jquery.min.js
2023-10-12T09:06:41.989+09:00 DEBUG 1488 --- [http-nio-8080-exec-10] o.s.security.web.FilterChainProxy        : Securing GET /vendor/bootstrap/js/bootstrap.min.js
2023-10-12T09:06:41.990+09:00 DEBUG 1488 --- [http-nio-8080-exec-4] o.s.security.web.FilterChainProxy        : Secured GET /vendor/metisMenu/metisMenu.min.css
2023-10-12T09:06:41.990+09:00 DEBUG 1488 --- [http-nio-8080-exec-10] o.s.security.web.FilterChainProxy        : Secured GET /vendor/bootstrap/js/bootstrap.min.js
2023-10-12T09:06:41.990+09:00 DEBUG 1488 --- [http-nio-8080-exec-3] o.s.security.web.FilterChainProxy        : Secured GET /vendor/bootstrap/css/bootstrap.min.css
2023-10-12T09:06:41.991+09:00 DEBUG 1488 --- [http-nio-8080-exec-6] o.s.security.web.FilterChainProxy        : Secured GET /vendor/font-awesome/css/font-awesome.min.css
2023-10-12T09:06:41.993+09:00 DEBUG 1488 --- [http-nio-8080-exec-5] o.s.security.web.FilterChainProxy        : Secured GET /dist/css/sb-admin-2.css
2023-10-12T09:06:41.993+09:00 DEBUG 1488 --- [http-nio-8080-exec-9] o.s.security.web.FilterChainProxy        : Secured GET /vendor/jquery/jquery.min.js
2023-10-12T09:06:42.000+09:00 DEBUG 1488 --- [http-nio-8080-exec-4] o.s.s.w.a.AnonymousAuthenticationFilter  : Set SecurityContextHolder to anonymous SecurityContext
2023-10-12T09:06:42.000+09:00 DEBUG 1488 --- [http-nio-8080-exec-10] o.s.s.w.a.AnonymousAuthenticationFilter  : Set SecurityContextHolder to anonymous SecurityContext
2023-10-12T09:06:42.000+09:00 DEBUG 1488 --- [http-nio-8080-exec-5] o.s.s.w.a.AnonymousAuthenticationFilter  : Set SecurityContextHolder to anonymous SecurityContext
2023-10-12T09:06:42.000+09:00 DEBUG 1488 --- [http-nio-8080-exec-6] o.s.s.w.a.AnonymousAuthenticationFilter  : Set SecurityContextHolder to anonymous SecurityContext
2023-10-12T09:06:42.000+09:00 DEBUG 1488 --- [http-nio-8080-exec-9] o.s.s.w.a.AnonymousAuthenticationFilter  : Set SecurityContextHolder to anonymous SecurityContext
2023-10-12T09:06:42.001+09:00 DEBUG 1488 --- [http-nio-8080-exec-3] o.s.s.w.a.AnonymousAuthenticationFilter  : Set SecurityContextHolder to anonymous SecurityContext
2023-10-12T09:06:42.003+09:00 DEBUG 1488 --- [http-nio-8080-exec-8] o.s.security.web.FilterChainProxy        : Securing GET /vendor/metisMenu/metisMenu.min.js
2023-10-12T09:06:42.003+09:00 DEBUG 1488 --- [http-nio-8080-exec-7] o.s.security.web.FilterChainProxy        : Securing GET /dist/js/sb-admin-2.js
2023-10-12T09:06:42.004+09:00 DEBUG 1488 --- [http-nio-8080-exec-7] o.s.security.web.FilterChainProxy        : Secured GET /dist/js/sb-admin-2.js
2023-10-12T09:06:42.005+09:00 DEBUG 1488 --- [http-nio-8080-exec-8] o.s.security.web.FilterChainProxy        : Secured GET /vendor/metisMenu/metisMenu.min.js
2023-10-12T09:06:42.007+09:00 DEBUG 1488 --- [http-nio-8080-exec-7] o.s.s.w.a.AnonymousAuthenticationFilter  : Set SecurityContextHolder to anonymous SecurityContext
2023-10-12T09:06:42.007+09:00 DEBUG 1488 --- [http-nio-8080-exec-8] o.s.s.w.a.AnonymousAuthenticationFilter  : Set SecurityContextHolder to anonymous SecurityContext
2023-10-12T09:06:42.033+09:00 DEBUG 1488 --- [http-nio-8080-exec-1] o.s.security.web.FilterChainProxy        : Securing GET /favicon.ico
2023-10-12T09:06:42.036+09:00 DEBUG 1488 --- [http-nio-8080-exec-1] o.s.s.w.a.AnonymousAuthenticationFilter  : Set SecurityContextHolder to anonymous SecurityContext
2023-10-12T09:06:42.036+09:00 DEBUG 1488 --- [http-nio-8080-exec-1] o.s.s.web.DefaultRedirectStrategy        : Redirecting to http://localhost:8080/user/login
2023-10-12T09:06:42.038+09:00 DEBUG 1488 --- [http-nio-8080-exec-2] o.s.security.web.FilterChainProxy        : Securing GET /user/login
2023-10-12T09:06:42.038+09:00 DEBUG 1488 --- [http-nio-8080-exec-2] o.s.security.web.FilterChainProxy        : Secured GET /user/login
2023-10-12T09:06:42.042+09:00 DEBUG 1488 --- [http-nio-8080-exec-2] o.s.s.w.a.AnonymousAuthenticationFilter  : Set SecurityContextHolder to anonymous SecurityContext
2023-10-12T09:06:49.325+09:00 DEBUG 1488 --- [http-nio-8080-exec-5] o.s.security.web.FilterChainProxy        : Securing POST /user/login
2023-10-12T09:06:49.552+09:00 DEBUG 1488 --- [http-nio-8080-exec-5] o.s.s.a.dao.DaoAuthenticationProvider    : Authenticated user
2023-10-12T09:06:49.552+09:00 DEBUG 1488 --- [http-nio-8080-exec-5] .s.ChangeSessionIdAuthenticationStrategy : Changed session id from 9F6A1741F40FF0F402658DD2AEF10ED6
2023-10-12T09:06:49.552+09:00 DEBUG 1488 --- [http-nio-8080-exec-5] w.c.HttpSessionSecurityContextRepository : Stored SecurityContextImpl [Authentication=UsernamePasswordAuthenticationToken [Principal=MyUserDetails(user=kr.co.sboard.entity.UserEntity@7cff1355), Credentials=[PROTECTED], Authenticated=true, Details=WebAuthenticationDetails [RemoteIpAddress=0:0:0:0:0:0:0:1, SessionId=9F6A1741F40FF0F402658DD2AEF10ED6], Granted Authorities=[ROLE_null]]] to HttpSession [org.apache.catalina.session.StandardSessionFacade@365b51b4]
2023-10-12T09:06:49.553+09:00 DEBUG 1488 --- [http-nio-8080-exec-5] w.a.UsernamePasswordAuthenticationFilter : Set SecurityContextHolder to UsernamePasswordAuthenticationToken [Principal=MyUserDetails(user=kr.co.sboard.entity.UserEntity@7cff1355), Credentials=[PROTECTED], Authenticated=true, Details=WebAuthenticationDetails [RemoteIpAddress=0:0:0:0:0:0:0:1, SessionId=9F6A1741F40FF0F402658DD2AEF10ED6], Granted Authorities=[ROLE_null]]
2023-10-12T09:06:49.553+09:00 DEBUG 1488 --- [http-nio-8080-exec-5] o.s.s.web.DefaultRedirectStrategy        : Redirecting to http://localhost:8080/?continue
2023-10-12T09:06:49.556+09:00 DEBUG 1488 --- [http-nio-8080-exec-9] o.s.security.web.FilterChainProxy        : Securing GET /?continue
2023-10-12T09:06:49.560+09:00 DEBUG 1488 --- [http-nio-8080-exec-9] o.s.s.w.s.HttpSessionRequestCache        : Loaded matching saved request http://localhost:8080/?continue
2023-10-12T09:06:49.561+09:00 DEBUG 1488 --- [http-nio-8080-exec-9] w.c.HttpSessionSecurityContextRepository : Retrieved SecurityContextImpl [Authentication=UsernamePasswordAuthenticationToken [Principal=MyUserDetails(user=kr.co.sboard.entity.UserEntity@7cff1355), Credentials=[PROTECTED], Authenticated=true, Details=WebAuthenticationDetails [RemoteIpAddress=0:0:0:0:0:0:0:1, SessionId=9F6A1741F40FF0F402658DD2AEF10ED6], Granted Authorities=[ROLE_null]]]
2023-10-12T09:06:49.561+09:00 DEBUG 1488 --- [http-nio-8080-exec-9] o.s.security.web.FilterChainProxy        : Secured GET /?continue
2023-10-12T09:06:49.577+09:00 DEBUG 1488 --- [http-nio-8080-exec-10] o.s.security.web.FilterChainProxy        : Securing GET /dist/css/sb-admin-2.css
2023-10-12T09:06:49.577+09:00 DEBUG 1488 --- [http-nio-8080-exec-6] o.s.security.web.FilterChainProxy        : Securing GET /vendor/metisMenu/metisMenu.min.css
2023-10-12T09:06:49.577+09:00 DEBUG 1488 --- [http-nio-8080-exec-4] o.s.security.web.FilterChainProxy        : Securing GET /vendor/bootstrap/css/bootstrap.min.css
2023-10-12T09:06:49.577+09:00 DEBUG 1488 --- [http-nio-8080-exec-3] o.s.security.web.FilterChainProxy        : Securing GET /vendor/font-awesome/css/font-awesome.min.css
2023-10-12T09:06:49.578+09:00 DEBUG 1488 --- [http-nio-8080-exec-3] o.s.security.web.FilterChainProxy        : Secured GET /vendor/font-awesome/css/font-awesome.min.css
2023-10-12T09:06:49.578+09:00 DEBUG 1488 --- [http-nio-8080-exec-10] o.s.security.web.FilterChainProxy        : Secured GET /dist/css/sb-admin-2.css
2023-10-12T09:06:49.578+09:00 DEBUG 1488 --- [http-nio-8080-exec-4] o.s.security.web.FilterChainProxy        : Secured GET /vendor/bootstrap/css/bootstrap.min.css
2023-10-12T09:06:49.579+09:00 DEBUG 1488 --- [http-nio-8080-exec-6] o.s.security.web.FilterChainProxy        : Secured GET /vendor/metisMenu/metisMenu.min.css
2023-10-12T09:06:49.580+09:00 DEBUG 1488 --- [http-nio-8080-exec-7] o.s.security.web.FilterChainProxy        : Securing GET /vendor/jquery/jquery.min.js
2023-10-12T09:06:49.580+09:00 DEBUG 1488 --- [http-nio-8080-exec-8] o.s.security.web.FilterChainProxy        : Securing GET /vendor/bootstrap/js/bootstrap.min.js
2023-10-12T09:06:49.581+09:00 DEBUG 1488 --- [http-nio-8080-exec-4] w.c.HttpSessionSecurityContextRepository : Retrieved SecurityContextImpl [Authentication=UsernamePasswordAuthenticationToken [Principal=MyUserDetails(user=kr.co.sboard.entity.UserEntity@7cff1355), Credentials=[PROTECTED], Authenticated=true, Details=WebAuthenticationDetails [RemoteIpAddress=0:0:0:0:0:0:0:1, SessionId=9F6A1741F40FF0F402658DD2AEF10ED6], Granted Authorities=[ROLE_null]]]
2023-10-12T09:06:49.581+09:00 DEBUG 1488 --- [http-nio-8080-exec-10] w.c.HttpSessionSecurityContextRepository : Retrieved SecurityContextImpl [Authentication=UsernamePasswordAuthenticationToken [Principal=MyUserDetails(user=kr.co.sboard.entity.UserEntity@7cff1355), Credentials=[PROTECTED], Authenticated=true, Details=WebAuthenticationDetails [RemoteIpAddress=0:0:0:0:0:0:0:1, SessionId=9F6A1741F40FF0F402658DD2AEF10ED6], Granted Authorities=[ROLE_null]]]
2023-10-12T09:06:49.581+09:00 DEBUG 1488 --- [http-nio-8080-exec-6] w.c.HttpSessionSecurityContextRepository : Retrieved SecurityContextImpl [Authentication=UsernamePasswordAuthenticationToken [Principal=MyUserDetails(user=kr.co.sboard.entity.UserEntity@7cff1355), Credentials=[PROTECTED], Authenticated=true, Details=WebAuthenticationDetails [RemoteIpAddress=0:0:0:0:0:0:0:1, SessionId=9F6A1741F40FF0F402658DD2AEF10ED6], Granted Authorities=[ROLE_null]]]
2023-10-12T09:06:49.581+09:00 DEBUG 1488 --- [http-nio-8080-exec-3] w.c.HttpSessionSecurityContextRepository : Retrieved SecurityContextImpl [Authentication=UsernamePasswordAuthenticationToken [Principal=MyUserDetails(user=kr.co.sboard.entity.UserEntity@7cff1355), Credentials=[PROTECTED], Authenticated=true, Details=WebAuthenticationDetails [RemoteIpAddress=0:0:0:0:0:0:0:1, SessionId=9F6A1741F40FF0F402658DD2AEF10ED6], Granted Authorities=[ROLE_null]]]
2023-10-12T09:06:49.581+09:00 DEBUG 1488 --- [http-nio-8080-exec-7] o.s.security.web.FilterChainProxy        : Secured GET /vendor/jquery/jquery.min.js
2023-10-12T09:06:49.581+09:00 DEBUG 1488 --- [http-nio-8080-exec-8] o.s.security.web.FilterChainProxy        : Secured GET /vendor/bootstrap/js/bootstrap.min.js
2023-10-12T09:06:49.582+09:00 DEBUG 1488 --- [http-nio-8080-exec-1] o.s.security.web.FilterChainProxy        : Securing GET /vendor/metisMenu/metisMenu.min.js
2023-10-12T09:06:49.582+09:00 DEBUG 1488 --- [http-nio-8080-exec-2] o.s.security.web.FilterChainProxy        : Securing GET /dist/js/sb-admin-2.js
2023-10-12T09:06:49.583+09:00 DEBUG 1488 --- [http-nio-8080-exec-2] o.s.security.web.FilterChainProxy        : Secured GET /dist/js/sb-admin-2.js
2023-10-12T09:06:49.583+09:00 DEBUG 1488 --- [http-nio-8080-exec-8] w.c.HttpSessionSecurityContextRepository : Retrieved SecurityContextImpl [Authentication=UsernamePasswordAuthenticationToken [Principal=MyUserDetails(user=kr.co.sboard.entity.UserEntity@7cff1355), Credentials=[PROTECTED], Authenticated=true, Details=WebAuthenticationDetails [RemoteIpAddress=0:0:0:0:0:0:0:1, SessionId=9F6A1741F40FF0F402658DD2AEF10ED6], Granted Authorities=[ROLE_null]]]
2023-10-12T09:06:49.583+09:00 DEBUG 1488 --- [http-nio-8080-exec-1] o.s.security.web.FilterChainProxy        : Secured GET /vendor/metisMenu/metisMenu.min.js
2023-10-12T09:06:49.584+09:00 DEBUG 1488 --- [http-nio-8080-exec-2] w.c.HttpSessionSecurityContextRepository : Retrieved SecurityContextImpl [Authentication=UsernamePasswordAuthenticationToken [Principal=MyUserDetails(user=kr.co.sboard.entity.UserEntity@7cff1355), Credentials=[PROTECTED], Authenticated=true, Details=WebAuthenticationDetails [RemoteIpAddress=0:0:0:0:0:0:0:1, SessionId=9F6A1741F40FF0F402658DD2AEF10ED6], Granted Authorities=[ROLE_null]]]
2023-10-12T09:06:49.584+09:00 DEBUG 1488 --- [http-nio-8080-exec-7] w.c.HttpSessionSecurityContextRepository : Retrieved SecurityContextImpl [Authentication=UsernamePasswordAuthenticationToken [Principal=MyUserDetails(user=kr.co.sboard.entity.UserEntity@7cff1355), Credentials=[PROTECTED], Authenticated=true, Details=WebAuthenticationDetails [RemoteIpAddress=0:0:0:0:0:0:0:1, SessionId=9F6A1741F40FF0F402658DD2AEF10ED6], Granted Authorities=[ROLE_null]]]
2023-10-12T09:06:49.586+09:00 DEBUG 1488 --- [http-nio-8080-exec-1] w.c.HttpSessionSecurityContextRepository : Retrieved SecurityContextImpl [Authentication=UsernamePasswordAuthenticationToken [Principal=MyUserDetails(user=kr.co.sboard.entity.UserEntity@7cff1355), Credentials=[PROTECTED], Authenticated=true, Details=WebAuthenticationDetails [RemoteIpAddress=0:0:0:0:0:0:0:1, SessionId=9F6A1741F40FF0F402658DD2AEF10ED6], Granted Authorities=[ROLE_null]]]
2023-10-12T09:06:49.597+09:00 DEBUG 1488 --- [http-nio-8080-exec-5] o.s.security.web.FilterChainProxy        : Securing GET /vendor/font-awesome/fonts/fontawesome-webfont.woff2?v=4.6.3
2023-10-12T09:06:49.598+09:00 DEBUG 1488 --- [http-nio-8080-exec-5] o.s.security.web.FilterChainProxy        : Secured GET /vendor/font-awesome/fonts/fontawesome-webfont.woff2?v=4.6.3
2023-10-12T09:06:49.602+09:00 DEBUG 1488 --- [http-nio-8080-exec-5] w.c.HttpSessionSecurityContextRepository : Retrieved SecurityContextImpl [Authentication=UsernamePasswordAuthenticationToken [Principal=MyUserDetails(user=kr.co.sboard.entity.UserEntity@7cff1355), Credentials=[PROTECTED], Authenticated=true, Details=WebAuthenticationDetails [RemoteIpAddress=0:0:0:0:0:0:0:1, SessionId=9F6A1741F40FF0F402658DD2AEF10ED6], Granted Authorities=[ROLE_null]]]
2023-10-12T09:06:49.612+09:00 DEBUG 1488 --- [http-nio-8080-exec-9] o.s.security.web.FilterChainProxy        : Securing GET /favicon.ico
2023-10-12T09:06:49.613+09:00 DEBUG 1488 --- [http-nio-8080-exec-9] w.c.HttpSessionSecurityContextRepository : Retrieved SecurityContextImpl [Authentication=UsernamePasswordAuthenticationToken [Principal=MyUserDetails(user=kr.co.sboard.entity.UserEntity@7cff1355), Credentials=[PROTECTED], Authenticated=true, Details=WebAuthenticationDetails [RemoteIpAddress=0:0:0:0:0:0:0:1, SessionId=9F6A1741F40FF0F402658DD2AEF10ED6], Granted Authorities=[ROLE_null]]]
2023-10-12T09:06:49.613+09:00 DEBUG 1488 --- [http-nio-8080-exec-9] o.s.s.w.access.AccessDeniedHandlerImpl   : Responding with 403 status code
2023-10-12T09:06:49.616+09:00 DEBUG 1488 --- [http-nio-8080-exec-9] o.s.security.web.FilterChainProxy        : Securing GET /error
2023-10-12T09:06:49.617+09:00 DEBUG 1488 --- [http-nio-8080-exec-9] w.c.HttpSessionSecurityContextRepository : Retrieved SecurityContextImpl [Authentication=UsernamePasswordAuthenticationToken [Principal=MyUserDetails(user=kr.co.sboard.entity.UserEntity@7cff1355), Credentials=[PROTECTED], Authenticated=true, Details=WebAuthenticationDetails [RemoteIpAddress=0:0:0:0:0:0:0:1, SessionId=9F6A1741F40FF0F402658DD2AEF10ED6], Granted Authorities=[ROLE_null]]]
2023-10-12T09:06:49.617+09:00 DEBUG 1488 --- [http-nio-8080-exec-9] o.s.s.w.access.AccessDeniedHandlerImpl   : Responding with 403 status code
2023-10-12T09:06:52.686+09:00 DEBUG 1488 --- [http-nio-8080-exec-4] o.s.security.web.FilterChainProxy        : Securing GET /index.html
2023-10-12T09:06:52.689+09:00 DEBUG 1488 --- [http-nio-8080-exec-4] w.c.HttpSessionSecurityContextRepository : Retrieved SecurityContextImpl [Authentication=UsernamePasswordAuthenticationToken [Principal=MyUserDetails(user=kr.co.sboard.entity.UserEntity@7cff1355), Credentials=[PROTECTED], Authenticated=true, Details=WebAuthenticationDetails [RemoteIpAddress=0:0:0:0:0:0:0:1, SessionId=9F6A1741F40FF0F402658DD2AEF10ED6], Granted Authorities=[ROLE_null]]]
2023-10-12T09:06:52.689+09:00 DEBUG 1488 --- [http-nio-8080-exec-4] o.s.s.w.access.AccessDeniedHandlerImpl   : Responding with 403 status code
2023-10-12T09:06:52.690+09:00 DEBUG 1488 --- [http-nio-8080-exec-4] o.s.security.web.FilterChainProxy        : Securing GET /error
2023-10-12T09:06:52.691+09:00 DEBUG 1488 --- [http-nio-8080-exec-4] w.c.HttpSessionSecurityContextRepository : Retrieved SecurityContextImpl [Authentication=UsernamePasswordAuthenticationToken [Principal=MyUserDetails(user=kr.co.sboard.entity.UserEntity@7cff1355), Credentials=[PROTECTED], Authenticated=true, Details=WebAuthenticationDetails [RemoteIpAddress=0:0:0:0:0:0:0:1, SessionId=9F6A1741F40FF0F402658DD2AEF10ED6], Granted Authorities=[ROLE_null]]]
2023-10-12T09:06:52.692+09:00 DEBUG 1488 --- [http-nio-8080-exec-4] o.s.s.w.access.AccessDeniedHandlerImpl   : Responding with 403 status code
2023-10-12T09:06:53.956+09:00 DEBUG 1488 --- [http-nio-8080-exec-10] o.s.security.web.FilterChainProxy        : Securing GET /?continue
2023-10-12T09:06:53.957+09:00 DEBUG 1488 --- [http-nio-8080-exec-10] w.c.HttpSessionSecurityContextRepository : Retrieved SecurityContextImpl [Authentication=UsernamePasswordAuthenticationToken [Principal=MyUserDetails(user=kr.co.sboard.entity.UserEntity@7cff1355), Credentials=[PROTECTED], Authenticated=true, Details=WebAuthenticationDetails [RemoteIpAddress=0:0:0:0:0:0:0:1, SessionId=9F6A1741F40FF0F402658DD2AEF10ED6], Granted Authorities=[ROLE_null]]]
2023-10-12T09:06:53.957+09:00 DEBUG 1488 --- [http-nio-8080-exec-10] o.s.security.web.FilterChainProxy        : Secured GET /?continue
2023-10-12T09:06:53.979+09:00 DEBUG 1488 --- [http-nio-8080-exec-6] o.s.security.web.FilterChainProxy        : Securing GET /vendor/font-awesome/css/font-awesome.min.css
2023-10-12T09:06:53.981+09:00 DEBUG 1488 --- [http-nio-8080-exec-8] o.s.security.web.FilterChainProxy        : Securing GET /vendor/bootstrap/css/bootstrap.min.css
2023-10-12T09:06:53.982+09:00 DEBUG 1488 --- [http-nio-8080-exec-3] o.s.security.web.FilterChainProxy        : Securing GET /dist/css/sb-admin-2.css
2023-10-12T09:06:53.982+09:00 DEBUG 1488 --- [http-nio-8080-exec-8] o.s.security.web.FilterChainProxy        : Secured GET /vendor/bootstrap/css/bootstrap.min.css
2023-10-12T09:06:53.983+09:00 DEBUG 1488 --- [http-nio-8080-exec-3] o.s.security.web.FilterChainProxy        : Secured GET /dist/css/sb-admin-2.css
2023-10-12T09:06:53.984+09:00 DEBUG 1488 --- [http-nio-8080-exec-8] w.c.HttpSessionSecurityContextRepository : Retrieved SecurityContextImpl [Authentication=UsernamePasswordAuthenticationToken [Principal=MyUserDetails(user=kr.co.sboard.entity.UserEntity@7cff1355), Credentials=[PROTECTED], Authenticated=true, Details=WebAuthenticationDetails [RemoteIpAddress=0:0:0:0:0:0:0:1, SessionId=9F6A1741F40FF0F402658DD2AEF10ED6], Granted Authorities=[ROLE_null]]]
2023-10-12T09:06:53.985+09:00 DEBUG 1488 --- [http-nio-8080-exec-3] w.c.HttpSessionSecurityContextRepository : Retrieved SecurityContextImpl [Authentication=UsernamePasswordAuthenticationToken [Principal=MyUserDetails(user=kr.co.sboard.entity.UserEntity@7cff1355), Credentials=[PROTECTED], Authenticated=true, Details=WebAuthenticationDetails [RemoteIpAddress=0:0:0:0:0:0:0:1, SessionId=9F6A1741F40FF0F402658DD2AEF10ED6], Granted Authorities=[ROLE_null]]]
2023-10-12T09:06:53.986+09:00 DEBUG 1488 --- [http-nio-8080-exec-8] o.s.security.web.FilterChainProxy        : Securing GET /vendor/metisMenu/metisMenu.min.css
2023-10-12T09:06:53.986+09:00 DEBUG 1488 --- [http-nio-8080-exec-6] o.s.security.web.FilterChainProxy        : Secured GET /vendor/font-awesome/css/font-awesome.min.css
2023-10-12T09:06:53.987+09:00 DEBUG 1488 --- [http-nio-8080-exec-8] o.s.security.web.FilterChainProxy        : Secured GET /vendor/metisMenu/metisMenu.min.css
2023-10-12T09:06:53.989+09:00 DEBUG 1488 --- [http-nio-8080-exec-6] w.c.HttpSessionSecurityContextRepository : Retrieved SecurityContextImpl [Authentication=UsernamePasswordAuthenticationToken [Principal=MyUserDetails(user=kr.co.sboard.entity.UserEntity@7cff1355), Credentials=[PROTECTED], Authenticated=true, Details=WebAuthenticationDetails [RemoteIpAddress=0:0:0:0:0:0:0:1, SessionId=9F6A1741F40FF0F402658DD2AEF10ED6], Granted Authorities=[ROLE_null]]]
2023-10-12T09:06:53.989+09:00 DEBUG 1488 --- [http-nio-8080-exec-8] w.c.HttpSessionSecurityContextRepository : Retrieved SecurityContextImpl [Authentication=UsernamePasswordAuthenticationToken [Principal=MyUserDetails(user=kr.co.sboard.entity.UserEntity@7cff1355), Credentials=[PROTECTED], Authenticated=true, Details=WebAuthenticationDetails [RemoteIpAddress=0:0:0:0:0:0:0:1, SessionId=9F6A1741F40FF0F402658DD2AEF10ED6], Granted Authorities=[ROLE_null]]]
2023-10-12T09:06:53.996+09:00 DEBUG 1488 --- [http-nio-8080-exec-5] o.s.security.web.FilterChainProxy        : Securing GET /vendor/metisMenu/metisMenu.min.js
2023-10-12T09:06:53.996+09:00 DEBUG 1488 --- [http-nio-8080-exec-1] o.s.security.web.FilterChainProxy        : Securing GET /vendor/bootstrap/js/bootstrap.min.js
2023-10-12T09:06:53.996+09:00 DEBUG 1488 --- [http-nio-8080-exec-7] o.s.security.web.FilterChainProxy        : Securing GET /vendor/jquery/jquery.min.js
2023-10-12T09:06:53.997+09:00 DEBUG 1488 --- [http-nio-8080-exec-9] o.s.security.web.FilterChainProxy        : Securing GET /dist/js/sb-admin-2.js
2023-10-12T09:06:53.997+09:00 DEBUG 1488 --- [http-nio-8080-exec-5] o.s.security.web.FilterChainProxy        : Secured GET /vendor/metisMenu/metisMenu.min.js
2023-10-12T09:06:53.997+09:00 DEBUG 1488 --- [http-nio-8080-exec-1] o.s.security.web.FilterChainProxy        : Secured GET /vendor/bootstrap/js/bootstrap.min.js
2023-10-12T09:06:53.997+09:00 DEBUG 1488 --- [http-nio-8080-exec-7] o.s.security.web.FilterChainProxy        : Secured GET /vendor/jquery/jquery.min.js
2023-10-12T09:06:53.998+09:00 DEBUG 1488 --- [http-nio-8080-exec-9] o.s.security.web.FilterChainProxy        : Secured GET /dist/js/sb-admin-2.js
2023-10-12T09:06:53.998+09:00 DEBUG 1488 --- [http-nio-8080-exec-5] w.c.HttpSessionSecurityContextRepository : Retrieved SecurityContextImpl [Authentication=UsernamePasswordAuthenticationToken [Principal=MyUserDetails(user=kr.co.sboard.entity.UserEntity@7cff1355), Credentials=[PROTECTED], Authenticated=true, Details=WebAuthenticationDetails [RemoteIpAddress=0:0:0:0:0:0:0:1, SessionId=9F6A1741F40FF0F402658DD2AEF10ED6], Granted Authorities=[ROLE_null]]]
2023-10-12T09:06:53.999+09:00 DEBUG 1488 --- [http-nio-8080-exec-7] w.c.HttpSessionSecurityContextRepository : Retrieved SecurityContextImpl [Authentication=UsernamePasswordAuthenticationToken [Principal=MyUserDetails(user=kr.co.sboard.entity.UserEntity@7cff1355), Credentials=[PROTECTED], Authenticated=true, Details=WebAuthenticationDetails [RemoteIpAddress=0:0:0:0:0:0:0:1, SessionId=9F6A1741F40FF0F402658DD2AEF10ED6], Granted Authorities=[ROLE_null]]]
2023-10-12T09:06:53.999+09:00 DEBUG 1488 --- [http-nio-8080-exec-1] w.c.HttpSessionSecurityContextRepository : Retrieved SecurityContextImpl [Authentication=UsernamePasswordAuthenticationToken [Principal=MyUserDetails(user=kr.co.sboard.entity.UserEntity@7cff1355), Credentials=[PROTECTED], Authenticated=true, Details=WebAuthenticationDetails [RemoteIpAddress=0:0:0:0:0:0:0:1, SessionId=9F6A1741F40FF0F402658DD2AEF10ED6], Granted Authorities=[ROLE_null]]]
2023-10-12T09:06:54.000+09:00 DEBUG 1488 --- [http-nio-8080-exec-9] w.c.HttpSessionSecurityContextRepository : Retrieved SecurityContextImpl [Authentication=UsernamePasswordAuthenticationToken [Principal=MyUserDetails(user=kr.co.sboard.entity.UserEntity@7cff1355), Credentials=[PROTECTED], Authenticated=true, Details=WebAuthenticationDetails [RemoteIpAddress=0:0:0:0:0:0:0:1, SessionId=9F6A1741F40FF0F402658DD2AEF10ED6], Granted Authorities=[ROLE_null]]]
2023-10-12T09:06:54.009+09:00 DEBUG 1488 --- [http-nio-8080-exec-4] o.s.security.web.FilterChainProxy        : Securing GET /vendor/font-awesome/fonts/fontawesome-webfont.woff2?v=4.6.3
2023-10-12T09:06:54.009+09:00 DEBUG 1488 --- [http-nio-8080-exec-4] o.s.security.web.FilterChainProxy        : Secured GET /vendor/font-awesome/fonts/fontawesome-webfont.woff2?v=4.6.3
2023-10-12T09:06:54.011+09:00 DEBUG 1488 --- [http-nio-8080-exec-4] w.c.HttpSessionSecurityContextRepository : Retrieved SecurityContextImpl [Authentication=UsernamePasswordAuthenticationToken [Principal=MyUserDetails(user=kr.co.sboard.entity.UserEntity@7cff1355), Credentials=[PROTECTED], Authenticated=true, Details=WebAuthenticationDetails [RemoteIpAddress=0:0:0:0:0:0:0:1, SessionId=9F6A1741F40FF0F402658DD2AEF10ED6], Granted Authorities=[ROLE_null]]]
2023-10-12T09:06:54.029+09:00 DEBUG 1488 --- [http-nio-8080-exec-10] o.s.security.web.FilterChainProxy        : Securing GET /favicon.ico
2023-10-12T09:06:54.030+09:00 DEBUG 1488 --- [http-nio-8080-exec-10] w.c.HttpSessionSecurityContextRepository : Retrieved SecurityContextImpl [Authentication=UsernamePasswordAuthenticationToken [Principal=MyUserDetails(user=kr.co.sboard.entity.UserEntity@7cff1355), Credentials=[PROTECTED], Authenticated=true, Details=WebAuthenticationDetails [RemoteIpAddress=0:0:0:0:0:0:0:1, SessionId=9F6A1741F40FF0F402658DD2AEF10ED6], Granted Authorities=[ROLE_null]]]
2023-10-12T09:06:54.030+09:00 DEBUG 1488 --- [http-nio-8080-exec-10] o.s.s.w.access.AccessDeniedHandlerImpl   : Responding with 403 status code
2023-10-12T09:06:54.030+09:00 DEBUG 1488 --- [http-nio-8080-exec-10] o.s.security.web.FilterChainProxy        : Securing GET /error
2023-10-12T09:06:54.031+09:00 DEBUG 1488 --- [http-nio-8080-exec-10] w.c.HttpSessionSecurityContextRepository : Retrieved SecurityContextImpl [Authentication=UsernamePasswordAuthenticationToken [Principal=MyUserDetails(user=kr.co.sboard.entity.UserEntity@7cff1355), Credentials=[PROTECTED], Authenticated=true, Details=WebAuthenticationDetails [RemoteIpAddress=0:0:0:0:0:0:0:1, SessionId=9F6A1741F40FF0F402658DD2AEF10ED6], Granted Authorities=[ROLE_null]]]
2023-10-12T09:06:54.031+09:00 DEBUG 1488 --- [http-nio-8080-exec-10] o.s.s.w.access.AccessDeniedHandlerImpl   : Responding with 403 status code
2023-10-12T09:10:59.431+09:00  INFO 1488 --- [SpringApplicationShutdownHook] j.LocalContainerEntityManagerFactoryBean : Closing JPA EntityManagerFactory for persistence unit 'default'
2023-10-12T09:10:59.434+09:00  INFO 1488 --- [SpringApplicationShutdownHook] com.zaxxer.hikari.HikariDataSource       : HikariPool-1 - Shutdown initiated...
2023-10-12T09:10:59.538+09:00  INFO 1488 --- [SpringApplicationShutdownHook] com.zaxxer.hikari.HikariDataSource       : HikariPool-1 - Shutdown completed.
